# JRE version: OpenJDK Runtime Environment (8.0_152-b01) (build 1.8.0_152-release-1248-b01)
# Java VM: OpenJDK 64-Bit Server VM (25.152-b01 mixed mode windows-amd64 compressed oops)
Heap:
 PSYoungGen      total 464384K, used 385560K [0x00000000e0000000, 0x00000000ff880000, 0x0000000100000000)
  eden space 421376K, 89% used [0x00000000e0000000,0x00000000f6f3e2f8,0x00000000f9b80000)
  from space 43008K, 22% used [0x00000000fce80000,0x00000000fd7c7e40,0x00000000ff880000)
  to   space 47616K, 0% used [0x00000000f9b80000,0x00000000f9b80000,0x00000000fca00000)
 ParOldGen       total 290304K, used 216333K [0x00000000a0000000, 0x00000000b1b80000, 0x00000000e0000000)
  object space 290304K, 74% used [0x00000000a0000000,0x00000000ad3437c8,0x00000000b1b80000)
 Metaspace       used 139652K, capacity 147046K, committed 148824K, reserved 1179648K
  class space    used 16974K, capacity 18312K, committed 18816K, reserved 1048576K
GC Heap History (10 events):
Event: 40052.823 GC heap before
{Heap before GC invocations=122 (full 6):
 PSYoungGen      total 451072K, used 394547K [0x00000000e0000000, 0x00000000ffd80000, 0x0000000100000000)
  eden space 385536K, 99% used [0x00000000e0000000,0x00000000f77e33f0,0x00000000f7880000)
  from space 65536K, 14% used [0x00000000f7880000,0x00000000f81e98e0,0x00000000fb880000)
  to   space 61952K, 0% used [0x00000000fc100000,0x00000000fc100000,0x00000000ffd80000)
 ParOldGen       total 290304K, used 207142K [0x00000000a0000000, 0x00000000b1b80000, 0x00000000e0000000)
  object space 290304K, 71% used [0x00000000a0000000,0x00000000aca49a60,0x00000000b1b80000)
 Metaspace       used 139518K, capacity 146938K, committed 148824K, reserved 1179648K
  class space    used 16972K, capacity 18308K, committed 18816K, reserved 1048576K
Event: 40052.827 GC heap after
Heap after GC invocations=122 (full 6):
 PSYoungGen      total 452608K, used 2142K [0x00000000e0000000, 0x00000000ff780000, 0x0000000100000000)
  eden space 396800K, 0% used [0x00000000e0000000,0x00000000e0000000,0x00000000f8380000)
  from space 55808K, 3% used [0x00000000fc100000,0x00000000fc317858,0x00000000ff780000)
  to   space 59392K, 0% used [0x00000000f8380000,0x00000000f8380000,0x00000000fbd80000)
 ParOldGen       total 290304K, used 207142K [0x00000000a0000000, 0x00000000b1b80000, 0x00000000e0000000)
  object space 290304K, 71% used [0x00000000a0000000,0x00000000aca49a60,0x00000000b1b80000)
 Metaspace       used 139518K, capacity 146938K, committed 148824K, reserved 1179648K
  class space    used 16972K, capacity 18308K, committed 18816K, reserved 1048576K
}
Event: 40113.183 GC heap before
{Heap before GC invocations=123 (full 6):
 PSYoungGen      total 452608K, used 398942K [0x00000000e0000000, 0x00000000ff780000, 0x0000000100000000)
  eden space 396800K, 100% used [0x00000000e0000000,0x00000000f8380000,0x00000000f8380000)
  from space 55808K, 3% used [0x00000000fc100000,0x00000000fc317858,0x00000000ff780000)
  to   space 59392K, 0% used [0x00000000f8380000,0x00000000f8380000,0x00000000fbd80000)
 ParOldGen       total 290304K, used 207142K [0x00000000a0000000, 0x00000000b1b80000, 0x00000000e0000000)
  object space 290304K, 71% used [0x00000000a0000000,0x00000000aca49a60,0x00000000b1b80000)
 Metaspace       used 139600K, capacity 147018K, committed 148824K, reserved 1179648K
  class space    used 16972K, capacity 18308K, committed 18816K, reserved 1048576K
Event: 40113.228 GC heap after
Heap after GC invocations=123 (full 6):
 PSYoungGen      total 456192K, used 17294K [0x00000000e0000000, 0x00000000ffd80000, 0x0000000100000000)
  eden space 396800K, 0% used [0x00000000e0000000,0x00000000e0000000,0x00000000f8380000)
  from space 59392K, 29% used [0x00000000f8380000,0x00000000f9463ac8,0x00000000fbd80000)
  to   space 56320K, 0% used [0x00000000fc680000,0x00000000fc680000,0x00000000ffd80000)
 ParOldGen       total 290304K, used 207206K [0x00000000a0000000, 0x00000000b1b80000, 0x00000000e0000000)
  object space 290304K, 71% used [0x00000000a0000000,0x00000000aca59a70,0x00000000b1b80000)
 Metaspace       used 139600K, capacity 147018K, committed 148824K, reserved 1179648K
  class space    used 16972K, capacity 18308K, committed 18816K, reserved 1048576K
}
Event: 40117.701 GC heap before
{Heap before GC invocations=124 (full 6):
 PSYoungGen      total 456192K, used 410324K [0x00000000e0000000, 0x00000000ffd80000, 0x0000000100000000)
  eden space 396800K, 99% used [0x00000000e0000000,0x00000000f7fd15b0,0x00000000f8380000)
  from space 59392K, 29% used [0x00000000f8380000,0x00000000f9463ac8,0x00000000fbd80000)
  to   space 56320K, 0% used [0x00000000fc680000,0x00000000fc680000,0x00000000ffd80000)
 ParOldGen       total 290304K, used 207206K [0x00000000a0000000, 0x00000000b1b80000, 0x00000000e0000000)
  object space 290304K, 71% used [0x00000000a0000000,0x00000000aca59a70,0x00000000b1b80000)
 Metaspace       used 139624K, capacity 147018K, committed 148824K, reserved 1179648K
  class space    used 16972K, capacity 18308K, committed 18816K, reserved 1048576K
Event: 40117.733 GC heap after
Heap after GC invocations=124 (full 6):
 PSYoungGen      total 456192K, used 13209K [0x00000000e0000000, 0x00000000ff500000, 0x0000000100000000)
  eden space 408576K, 0% used [0x00000000e0000000,0x00000000e0000000,0x00000000f8f00000)
  from space 47616K, 27% used [0x00000000fc680000,0x00000000fd3667f0,0x00000000ff500000)
  to   space 52224K, 0% used [0x00000000f8f00000,0x00000000f8f00000,0x00000000fc200000)
 ParOldGen       total 290304K, used 215809K [0x00000000a0000000, 0x00000000b1b80000, 0x00000000e0000000)
  object space 290304K, 74% used [0x00000000a0000000,0x00000000ad2c0778,0x00000000b1b80000)
 Metaspace       used 139624K, capacity 147018K, committed 148824K, reserved 1179648K
  class space    used 16972K, capacity 18308K, committed 18816K, reserved 1048576K
}
Event: 40121.857 GC heap before
{Heap before GC invocations=125 (full 6):
 PSYoungGen      total 456192K, used 421407K [0x00000000e0000000, 0x00000000ff500000, 0x0000000100000000)
  eden space 408576K, 99% used [0x00000000e0000000,0x00000000f8ea15d0,0x00000000f8f00000)
  from space 47616K, 27% used [0x00000000fc680000,0x00000000fd3667f0,0x00000000ff500000)
  to   space 52224K, 0% used [0x00000000f8f00000,0x00000000f8f00000,0x00000000fc200000)
 ParOldGen       total 290304K, used 215809K [0x00000000a0000000, 0x00000000b1b80000, 0x00000000e0000000)
  object space 290304K, 74% used [0x00000000a0000000,0x00000000ad2c0778,0x00000000b1b80000)
 Metaspace       used 139632K, capacity 147022K, committed 148824K, reserved 1179648K
  class space    used 16972K, capacity 18308K, committed 18816K, reserved 1048576K
Event: 40121.865 GC heap after
Heap after GC invocations=125 (full 6):
 PSYoungGen      total 460800K, used 1792K [0x00000000e0000000, 0x0000000100000000, 0x0000000100000000)
  eden space 408576K, 0% used [0x00000000e0000000,0x00000000e0000000,0x00000000f8f00000)
  from space 52224K, 3% used [0x00000000f8f00000,0x00000000f90c0000,0x00000000fc200000)
  to   space 50688K, 0% used [0x00000000fce80000,0x00000000fce80000,0x0000000100000000)
 ParOldGen       total 290304K, used 216205K [0x00000000a0000000, 0x00000000b1b80000, 0x00000000e0000000)
  object space 290304K, 74% used [0x00000000a0000000,0x00000000ad3237c8,0x00000000b1b80000)
 Metaspace       used 139632K, capacity 147022K, committed 148824K, reserved 1179648K
  class space    used 16972K, capacity 18308K, committed 18816K, reserved 1048576K
}
Event: 40123.082 GC heap before
{Heap before GC invocations=126 (full 6):
 PSYoungGen      total 460800K, used 409804K [0x00000000e0000000, 0x0000000100000000, 0x0000000100000000)
  eden space 408576K, 99% used [0x00000000e0000000,0x00000000f8e73150,0x00000000f8f00000)
  from space 52224K, 3% used [0x00000000f8f00000,0x00000000f90c0000,0x00000000fc200000)
  to   space 50688K, 0% used [0x00000000fce80000,0x00000000fce80000,0x0000000100000000)
 ParOldGen       total 290304K, used 216205K [0x00000000a0000000, 0x00000000b1b80000, 0x00000000e0000000)
  object space 290304K, 74% used [0x00000000a0000000,0x00000000ad3237c8,0x00000000b1b80000)
 Metaspace       used 139633K, capacity 147022K, committed 148824K, reserved 1179648K
  class space    used 16972K, capacity 18308K, committed 18816K, reserved 1048576K
Event: 40123.089 GC heap after
Heap after GC invocations=126 (full 6):
 PSYoungGen      total 464384K, used 9503K [0x00000000e0000000, 0x00000000ff880000, 0x0000000100000000)
  eden space 421376K, 0% used [0x00000000e0000000,0x00000000e0000000,0x00000000f9b80000)
  from space 43008K, 22% used [0x00000000fce80000,0x00000000fd7c7e40,0x00000000ff880000)
  to   space 47616K, 0% used [0x00000000f9b80000,0x00000000f9b80000,0x00000000fca00000)
 ParOldGen       total 290304K, used 216333K [0x00000000a0000000, 0x00000000b1b80000, 0x00000000e0000000)
  object space 290304K, 74% used [0x00000000a0000000,0x00000000ad3437c8,0x00000000b1b80000)
 Metaspace       used 139633K, capacity 147022K, committed 148824K, reserved 1179648K
  class space    used 16972K, capacity 18308K, committed 18816K, reserved 1048576K
}

